0 info it worked if it ends with ok
1 verbose cli [ 'C:\\Program Files\\nodejs\\node.exe',
1 verbose cli   'C:\\Program Files\\nodejs\\node_modules\\npm\\bin\\npm-cli.js',
1 verbose cli   'start' ]
2 info using npm@3.10.10
3 info using node@v6.11.3
4 verbose run-script [ 'prestart', 'start', 'poststart' ]
5 info lifecycle 06@1.0.0~prestart: 06@1.0.0
6 silly lifecycle 06@1.0.0~prestart: no script for prestart, continuing
7 info lifecycle 06@1.0.0~start: 06@1.0.0
8 verbose lifecycle 06@1.0.0~start: unsafe-perm in lifecycle true
9 verbose lifecycle 06@1.0.0~start: PATH: C:\Program Files\nodejs\node_modules\npm\bin\node-gyp-bin;Z:\12_B2V\9436_Learning JQuery\12_Code\Learning jQuery 3\Section_6\node_modules\.bin;C:\Program Files (x86)\Skype\Phone\;C:\Program Files\Java\jdk1.8.0_65\bin;C:\Program Files\nodejs\;C:\Users\sushantk\AppData\Local\Programs\Python\Python36\Scripts\;C:\Users\sushantk\AppData\Local\Programs\Python\Python36\;C:\Python27;C:\Users\sushantk\AppData\Local\atom\bin;C:\Users\sushantk\AppData\Roaming\npm
10 verbose lifecycle 06@1.0.0~start: CWD: Z:\12_B2V\9436_Learning JQuery\12_Code\Learning jQuery 3\Section_6
11 silly lifecycle 06@1.0.0~start: Args: [ '/d /s /c', 'node server.js' ]
12 silly lifecycle 06@1.0.0~start: Returned: code: 3221225786  signal: null
13 info lifecycle 06@1.0.0~start: Failed to exec start script
14 verbose stack Error: 06@1.0.0 start: `node server.js`
14 verbose stack Exit status 3221225786
14 verbose stack     at EventEmitter.<anonymous> (C:\Program Files\nodejs\node_modules\npm\lib\utils\lifecycle.js:255:16)
14 verbose stack     at emitTwo (events.js:106:13)
14 verbose stack     at EventEmitter.emit (events.js:191:7)
14 verbose stack     at ChildProcess.<anonymous> (C:\Program Files\nodejs\node_modules\npm\lib\utils\spawn.js:40:14)
14 verbose stack     at emitTwo (events.js:106:13)
14 verbose stack     at ChildProcess.emit (events.js:191:7)
14 verbose stack     at maybeClose (internal/child_process.js:920:16)
14 verbose stack     at Process.ChildProcess._handle.onexit (internal/child_process.js:230:5)
15 verbose pkgid 06@1.0.0
16 verbose cwd Z:\12_B2V\9436_Learning JQuery\12_Code\Learning jQuery 3\Section_6
17 error Windows_NT 6.1.7601
18 error argv "C:\\Program Files\\nodejs\\node.exe" "C:\\Program Files\\nodejs\\node_modules\\npm\\bin\\npm-cli.js" "start"
19 error node v6.11.3
20 error npm  v3.10.10
21 error code ELIFECYCLE
22 error 06@1.0.0 start: `node server.js`
22 error Exit status 3221225786
23 error Failed at the 06@1.0.0 start script 'node server.js'.
23 error Make sure you have the latest version of node.js and npm installed.
23 error If you do, this is most likely a problem with the 06 package,
23 error not with npm itself.
23 error Tell the author that this fails on your system:
23 error     node server.js
23 error You can get information on how to open an issue for this project with:
23 error     npm bugs 06
23 error Or if that isn't available, you can get their info via:
23 error     npm owner ls 06
23 error There is likely additional logging output above.
24 verbose exit [ 1, true ]
